2023-03-28 00:39:00,855 DEBUG Using proactor: IocpProactor
2023-03-28 00:39:00,962 INFO Running on http://127.0.0.1:5000 (CTRL + C to quit)
2023-03-28 00:39:42,383 INFO Emulator started
2023-03-28 00:39:42,398 INFO Emulator started
2023-03-28 00:39:42,399 INFO Generating ServerUpdate for server 1
2023-03-28 00:39:42,409 DEBUG Generated ServerUpdate for server 1: {'ServerId': 1, 'CurrentPlayers': 141, 'IsRunning': True, 'CpuTemperature': 51.47939627180253, 'CpuSpeed': 1792.0, 'HighScore': 8332, 'AvgScore': 90.02964397889826, 'MemoryUsage': 93.2, 'TimeStamp': '2023-03-28 00:39:42'}
2023-03-28 00:39:42,410 INFO Sending SSE message: data: {"ServerId": 1, "CurrentPlayers": 141, "IsRunning": true, "CpuTemperature": 51.47939627180253, "CpuSpeed": 1792.0, "HighScore": 8332, "AvgScore": 90.02964397889826, "MemoryUsage": 93.2, "TimeStamp": "2023-03-28 00:39:42"}


2023-03-28 00:39:42,412 INFO Generating ServerUpdate for server 2
2023-03-28 00:39:42,423 DEBUG Generated ServerUpdate for server 2: {'ServerId': 2, 'CurrentPlayers': 146, 'IsRunning': True, 'CpuTemperature': 43.77128207090671, 'CpuSpeed': 1494.0, 'HighScore': 7820, 'AvgScore': 96.31357425142849, 'MemoryUsage': 93.2, 'TimeStamp': '2023-03-28 00:39:42'}
2023-03-28 00:39:42,424 INFO Sending SSE message: data: {"ServerId": 2, "CurrentPlayers": 146, "IsRunning": true, "CpuTemperature": 43.77128207090671, "CpuSpeed": 1494.0, "HighScore": 7820, "AvgScore": 96.31357425142849, "MemoryUsage": 93.2, "TimeStamp": "2023-03-28 00:39:42"}


2023-03-28 00:39:42,424 INFO Generating ServerUpdate for server 3
2023-03-28 00:39:42,435 DEBUG Generated ServerUpdate for server 3: {'ServerId': 3, 'CurrentPlayers': 47, 'IsRunning': True, 'CpuTemperature': 22.13871256813105, 'CpuSpeed': 1494.0, 'HighScore': 4137, 'AvgScore': 24.81474201967464, 'MemoryUsage': 93.2, 'TimeStamp': '2023-03-28 00:39:42'}
2023-03-28 00:39:42,435 INFO Sending SSE message: data: {"ServerId": 3, "CurrentPlayers": 47, "IsRunning": true, "CpuTemperature": 22.13871256813105, "CpuSpeed": 1494.0, "HighScore": 4137, "AvgScore": 24.81474201967464, "MemoryUsage": 93.2, "TimeStamp": "2023-03-28 00:39:42"}


2023-03-28 00:39:42,435 INFO Generating ServerUpdate for server 4
2023-03-28 00:39:42,443 DEBUG Generated ServerUpdate for server 4: {'ServerId': 4, 'CurrentPlayers': 126, 'IsRunning': True, 'CpuTemperature': 43.50035049731417, 'CpuSpeed': 1494.0, 'HighScore': 6331, 'AvgScore': 65.28686061052659, 'MemoryUsage': 93.2, 'TimeStamp': '2023-03-28 00:39:42'}
2023-03-28 00:39:42,443 INFO Sending SSE message: data: {"ServerId": 4, "CurrentPlayers": 126, "IsRunning": true, "CpuTemperature": 43.50035049731417, "CpuSpeed": 1494.0, "HighScore": 6331, "AvgScore": 65.28686061052659, "MemoryUsage": 93.2, "TimeStamp": "2023-03-28 00:39:42"}


2023-03-28 00:39:42,443 INFO Generating ServerUpdate for server 5
2023-03-28 00:39:42,443 DEBUG Generated ServerUpdate for server 5: {'ServerId': 5, 'CurrentPlayers': 0, 'IsRunning': False, 'CpuTemperature': 0, 'CpuSpeed': 0, 'HighScore': 0, 'AvgScore': 0, 'MemoryUsage': 0, 'TimeStamp': '2023-03-28 00:39:42'}
2023-03-28 00:39:42,444 INFO Sending SSE message: data: {"ServerId": 5, "CurrentPlayers": 0, "IsRunning": false, "CpuTemperature": 0, "CpuSpeed": 0, "HighScore": 0, "AvgScore": 0, "MemoryUsage": 0, "TimeStamp": "2023-03-28 00:39:42"}


2023-03-28 00:39:42,444 INFO Generating ServerUpdate for server 6
2023-03-28 00:39:42,455 DEBUG Generated ServerUpdate for server 6: {'ServerId': 6, 'CurrentPlayers': 87, 'IsRunning': True, 'CpuTemperature': 66.89378588603253, 'CpuSpeed': 1494.0, 'HighScore': 1511, 'AvgScore': 2.2804322144216904, 'MemoryUsage': 93.2, 'TimeStamp': '2023-03-28 00:39:42'}
2023-03-28 00:39:42,455 INFO Sending SSE message: data: {"ServerId": 6, "CurrentPlayers": 87, "IsRunning": true, "CpuTemperature": 66.89378588603253, "CpuSpeed": 1494.0, "HighScore": 1511, "AvgScore": 2.2804322144216904, "MemoryUsage": 93.2, "TimeStamp": "2023-03-28 00:39:42"}


2023-03-28 00:39:42,456 INFO Generating ServerUpdate for server 7
2023-03-28 00:39:42,463 DEBUG Generated ServerUpdate for server 7: {'ServerId': 7, 'CurrentPlayers': 51, 'IsRunning': True, 'CpuTemperature': 66.20121619331059, 'CpuSpeed': 1494.0, 'HighScore': 831, 'AvgScore': 59.172535540878634, 'MemoryUsage': 93.2, 'TimeStamp': '2023-03-28 00:39:42'}
2023-03-28 00:39:42,463 INFO Sending SSE message: data: {"ServerId": 7, "CurrentPlayers": 51, "IsRunning": true, "CpuTemperature": 66.20121619331059, "CpuSpeed": 1494.0, "HighScore": 831, "AvgScore": 59.172535540878634, "MemoryUsage": 93.2, "TimeStamp": "2023-03-28 00:39:42"}


2023-03-28 00:39:42,464 INFO Generating ServerUpdate for server 8
2023-03-28 00:39:42,471 DEBUG Generated ServerUpdate for server 8: {'ServerId': 8, 'CurrentPlayers': 22, 'IsRunning': True, 'CpuTemperature': 35.022055896456, 'CpuSpeed': 1494.0, 'HighScore': 1100, 'AvgScore': 54.69645167572962, 'MemoryUsage': 93.2, 'TimeStamp': '2023-03-28 00:39:42'}
2023-03-28 00:39:42,471 INFO Sending SSE message: data: {"ServerId": 8, "CurrentPlayers": 22, "IsRunning": true, "CpuTemperature": 35.022055896456, "CpuSpeed": 1494.0, "HighScore": 1100, "AvgScore": 54.69645167572962, "MemoryUsage": 93.2, "TimeStamp": "2023-03-28 00:39:42"}


2023-03-28 00:39:42,471 INFO Generating ServerUpdate for server 9
2023-03-28 00:39:42,479 DEBUG Generated ServerUpdate for server 9: {'ServerId': 9, 'CurrentPlayers': 53, 'IsRunning': True, 'CpuTemperature': 54.52770212368842, 'CpuSpeed': 1494.0, 'HighScore': 5764, 'AvgScore': 78.85431490087076, 'MemoryUsage': 93.2, 'TimeStamp': '2023-03-28 00:39:42'}
2023-03-28 00:39:42,479 INFO Sending SSE message: data: {"ServerId": 9, "CurrentPlayers": 53, "IsRunning": true, "CpuTemperature": 54.52770212368842, "CpuSpeed": 1494.0, "HighScore": 5764, "AvgScore": 78.85431490087076, "MemoryUsage": 93.2, "TimeStamp": "2023-03-28 00:39:42"}


2023-03-28 00:39:42,480 INFO Generating ServerUpdate for server 10
2023-03-28 00:39:42,486 DEBUG Generated ServerUpdate for server 10: {'ServerId': 10, 'CurrentPlayers': 10, 'IsRunning': True, 'CpuTemperature': 24.548180387763534, 'CpuSpeed': 1494.0, 'HighScore': 8085, 'AvgScore': 68.0643520883771, 'MemoryUsage': 93.3, 'TimeStamp': '2023-03-28 00:39:42'}
2023-03-28 00:39:42,487 INFO Sending SSE message: data: {"ServerId": 10, "CurrentPlayers": 10, "IsRunning": true, "CpuTemperature": 24.548180387763534, "CpuSpeed": 1494.0, "HighScore": 8085, "AvgScore": 68.0643520883771, "MemoryUsage": 93.3, "TimeStamp": "2023-03-28 00:39:42"}


2023-03-28 00:40:32,509 INFO Generating ServerUpdate for server 1
2023-03-28 00:40:32,529 DEBUG Generated ServerUpdate for server 1: {'ServerId': 1, 'CurrentPlayers': 187, 'IsRunning': True, 'CpuTemperature': 34.75143113138125, 'CpuSpeed': 1792.0, 'HighScore': 6641, 'AvgScore': 46.842066082517455, 'MemoryUsage': 88.3, 'TimeStamp': '2023-03-28 00:40:32'}
2023-03-28 00:40:32,529 INFO Sending SSE message: data: {"ServerId": 1, "CurrentPlayers": 187, "IsRunning": true, "CpuTemperature": 34.75143113138125, "CpuSpeed": 1792.0, "HighScore": 6641, "AvgScore": 46.842066082517455, "MemoryUsage": 88.3, "TimeStamp": "2023-03-28 00:40:32"}


2023-03-28 00:40:32,531 INFO Generating ServerUpdate for server 2
2023-03-28 00:40:32,547 DEBUG Generated ServerUpdate for server 2: {'ServerId': 2, 'CurrentPlayers': 70, 'IsRunning': True, 'CpuTemperature': 22.155198248185634, 'CpuSpeed': 1494.0, 'HighScore': 4602, 'AvgScore': 29.861438984085765, 'MemoryUsage': 88.3, 'TimeStamp': '2023-03-28 00:40:32'}
2023-03-28 00:40:32,547 INFO Sending SSE message: data: {"ServerId": 2, "CurrentPlayers": 70, "IsRunning": true, "CpuTemperature": 22.155198248185634, "CpuSpeed": 1494.0, "HighScore": 4602, "AvgScore": 29.861438984085765, "MemoryUsage": 88.3, "TimeStamp": "2023-03-28 00:40:32"}


2023-03-28 00:40:32,548 INFO Generating ServerUpdate for server 3
2023-03-28 00:40:32,566 DEBUG Generated ServerUpdate for server 3: {'ServerId': 3, 'CurrentPlayers': 10, 'IsRunning': True, 'CpuTemperature': 69.03928881487619, 'CpuSpeed': 1494.0, 'HighScore': 9274, 'AvgScore': 53.51378048737458, 'MemoryUsage': 88.3, 'TimeStamp': '2023-03-28 00:40:32'}
2023-03-28 00:40:32,566 INFO Sending SSE message: data: {"ServerId": 3, "CurrentPlayers": 10, "IsRunning": true, "CpuTemperature": 69.03928881487619, "CpuSpeed": 1494.0, "HighScore": 9274, "AvgScore": 53.51378048737458, "MemoryUsage": 88.3, "TimeStamp": "2023-03-28 00:40:32"}


2023-03-28 00:40:32,567 INFO Generating ServerUpdate for server 4
2023-03-28 00:40:32,567 DEBUG Generated ServerUpdate for server 4: {'ServerId': 4, 'CurrentPlayers': 0, 'IsRunning': False, 'CpuTemperature': 0, 'CpuSpeed': 0, 'HighScore': 0, 'AvgScore': 0, 'MemoryUsage': 0, 'TimeStamp': '2023-03-28 00:40:32'}
2023-03-28 00:40:32,569 INFO Sending SSE message: data: {"ServerId": 4, "CurrentPlayers": 0, "IsRunning": false, "CpuTemperature": 0, "CpuSpeed": 0, "HighScore": 0, "AvgScore": 0, "MemoryUsage": 0, "TimeStamp": "2023-03-28 00:40:32"}


2023-03-28 00:40:32,570 INFO Generating ServerUpdate for server 5
2023-03-28 00:40:32,589 DEBUG Generated ServerUpdate for server 5: {'ServerId': 5, 'CurrentPlayers': 31, 'IsRunning': True, 'CpuTemperature': 33.844908055691405, 'CpuSpeed': 1792.0, 'HighScore': 7973, 'AvgScore': 97.81903567960512, 'MemoryUsage': 88.3, 'TimeStamp': '2023-03-28 00:40:32'}
2023-03-28 00:40:32,589 INFO Sending SSE message: data: {"ServerId": 5, "CurrentPlayers": 31, "IsRunning": true, "CpuTemperature": 33.844908055691405, "CpuSpeed": 1792.0, "HighScore": 7973, "AvgScore": 97.81903567960512, "MemoryUsage": 88.3, "TimeStamp": "2023-03-28 00:40:32"}


2023-03-28 00:40:32,590 INFO Generating ServerUpdate for server 6
2023-03-28 00:40:32,608 DEBUG Generated ServerUpdate for server 6: {'ServerId': 6, 'CurrentPlayers': 60, 'IsRunning': True, 'CpuTemperature': 54.411153274613085, 'CpuSpeed': 1494.0, 'HighScore': 6085, 'AvgScore': 90.53568191432045, 'MemoryUsage': 88.3, 'TimeStamp': '2023-03-28 00:40:32'}
2023-03-28 00:40:32,609 INFO Sending SSE message: data: {"ServerId": 6, "CurrentPlayers": 60, "IsRunning": true, "CpuTemperature": 54.411153274613085, "CpuSpeed": 1494.0, "HighScore": 6085, "AvgScore": 90.53568191432045, "MemoryUsage": 88.3, "TimeStamp": "2023-03-28 00:40:32"}


2023-03-28 00:40:32,610 INFO Generating ServerUpdate for server 7
2023-03-28 00:40:32,629 DEBUG Generated ServerUpdate for server 7: {'ServerId': 7, 'CurrentPlayers': 5, 'IsRunning': True, 'CpuTemperature': 60.25312025191335, 'CpuSpeed': 1792.0, 'HighScore': 7380, 'AvgScore': 56.502250058990185, 'MemoryUsage': 88.3, 'TimeStamp': '2023-03-28 00:40:32'}
2023-03-28 00:40:32,629 INFO Sending SSE message: data: {"ServerId": 7, "CurrentPlayers": 5, "IsRunning": true, "CpuTemperature": 60.25312025191335, "CpuSpeed": 1792.0, "HighScore": 7380, "AvgScore": 56.502250058990185, "MemoryUsage": 88.3, "TimeStamp": "2023-03-28 00:40:32"}


2023-03-28 00:40:32,630 INFO Generating ServerUpdate for server 8
2023-03-28 00:40:32,643 DEBUG Generated ServerUpdate for server 8: {'ServerId': 8, 'CurrentPlayers': 116, 'IsRunning': True, 'CpuTemperature': 31.67307050601712, 'CpuSpeed': 1792.0, 'HighScore': 4888, 'AvgScore': 36.60060099046938, 'MemoryUsage': 88.3, 'TimeStamp': '2023-03-28 00:40:32'}
2023-03-28 00:40:32,644 INFO Sending SSE message: data: {"ServerId": 8, "CurrentPlayers": 116, "IsRunning": true, "CpuTemperature": 31.67307050601712, "CpuSpeed": 1792.0, "HighScore": 4888, "AvgScore": 36.60060099046938, "MemoryUsage": 88.3, "TimeStamp": "2023-03-28 00:40:32"}


2023-03-28 00:40:32,644 INFO Generating ServerUpdate for server 9
2023-03-28 00:40:32,656 DEBUG Generated ServerUpdate for server 9: {'ServerId': 9, 'CurrentPlayers': 3, 'IsRunning': True, 'CpuTemperature': 35.22972048852119, 'CpuSpeed': 1494.0, 'HighScore': 6875, 'AvgScore': 34.975547473682134, 'MemoryUsage': 88.3, 'TimeStamp': '2023-03-28 00:40:32'}
2023-03-28 00:40:32,656 INFO Sending SSE message: data: {"ServerId": 9, "CurrentPlayers": 3, "IsRunning": true, "CpuTemperature": 35.22972048852119, "CpuSpeed": 1494.0, "HighScore": 6875, "AvgScore": 34.975547473682134, "MemoryUsage": 88.3, "TimeStamp": "2023-03-28 00:40:32"}


2023-03-28 00:40:32,657 INFO Generating ServerUpdate for server 10
2023-03-28 00:40:32,661 DEBUG Generated ServerUpdate for server 10: {'ServerId': 10, 'CurrentPlayers': 3, 'IsRunning': True, 'CpuTemperature': 33.308150774230654, 'CpuSpeed': 1792.0, 'HighScore': 2694, 'AvgScore': 80.35243058879689, 'MemoryUsage': 88.3, 'TimeStamp': '2023-03-28 00:40:32'}
2023-03-28 00:40:32,661 INFO Sending SSE message: data: {"ServerId": 10, "CurrentPlayers": 3, "IsRunning": true, "CpuTemperature": 33.308150774230654, "CpuSpeed": 1792.0, "HighScore": 2694, "AvgScore": 80.35243058879689, "MemoryUsage": 88.3, "TimeStamp": "2023-03-28 00:40:32"}


2023-03-28 00:42:24,093 DEBUG Using proactor: IocpProactor
2023-03-28 00:42:24,252 INFO Running on http://127.0.0.1:5000 (CTRL + C to quit)
2023-03-28 00:42:44,524 INFO Emulator started
2023-03-28 13:43:24,869 DEBUG Using proactor: IocpProactor
2023-03-28 13:43:25,020 INFO Running on http://127.0.0.1:5000 (CTRL + C to quit)
2023-03-28 13:44:37,295 INFO Emulator started
2023-03-28 13:44:37,366 INFO Emulator started
2023-03-28 13:44:37,368 INFO Generating ServerUpdate for server 1
2023-03-28 13:44:37,383 DEBUG Generated ServerUpdate for server 1: {'ServerId': 1, 'CurrentPlayers': 104, 'IsRunning': True, 'CpuTemperature': 63.54577604096583, 'CpuSpeed': 1792.0, 'HighScore': 1516, 'AvgScore': 93.30785581547228, 'MemoryUsage': 92.4, 'TimeStamp': '2023-03-28 13:44:37'}
2023-03-28 13:44:37,384 INFO Sending SSE message: data: {"ServerId": 1, "CurrentPlayers": 104, "IsRunning": true, "CpuTemperature": 63.54577604096583, "CpuSpeed": 1792.0, "HighScore": 1516, "AvgScore": 93.30785581547228, "MemoryUsage": 92.4, "TimeStamp": "2023-03-28 13:44:37"}


2023-03-28 13:44:37,387 INFO Generating ServerUpdate for server 2
2023-03-28 13:44:37,405 DEBUG Generated ServerUpdate for server 2: {'ServerId': 2, 'CurrentPlayers': 124, 'IsRunning': True, 'CpuTemperature': 32.06263816158353, 'CpuSpeed': 1792.0, 'HighScore': 2641, 'AvgScore': 28.71051408179429, 'MemoryUsage': 92.4, 'TimeStamp': '2023-03-28 13:44:37'}
2023-03-28 13:44:37,406 INFO Sending SSE message: data: {"ServerId": 2, "CurrentPlayers": 124, "IsRunning": true, "CpuTemperature": 32.06263816158353, "CpuSpeed": 1792.0, "HighScore": 2641, "AvgScore": 28.71051408179429, "MemoryUsage": 92.4, "TimeStamp": "2023-03-28 13:44:37"}


2023-03-28 13:44:37,406 INFO Generating ServerUpdate for server 3
2023-03-28 13:44:37,419 DEBUG Generated ServerUpdate for server 3: {'ServerId': 3, 'CurrentPlayers': 70, 'IsRunning': True, 'CpuTemperature': 52.96662727731005, 'CpuSpeed': 1792.0, 'HighScore': 8704, 'AvgScore': 17.855856205695275, 'MemoryUsage': 92.4, 'TimeStamp': '2023-03-28 13:44:37'}
2023-03-28 13:44:37,420 INFO Sending SSE message: data: {"ServerId": 3, "CurrentPlayers": 70, "IsRunning": true, "CpuTemperature": 52.96662727731005, "CpuSpeed": 1792.0, "HighScore": 8704, "AvgScore": 17.855856205695275, "MemoryUsage": 92.4, "TimeStamp": "2023-03-28 13:44:37"}


2023-03-28 13:44:37,420 INFO Generating ServerUpdate for server 4
2023-03-28 13:44:37,432 DEBUG Generated ServerUpdate for server 4: {'ServerId': 4, 'CurrentPlayers': 106, 'IsRunning': True, 'CpuTemperature': 24.846177893861594, 'CpuSpeed': 1792.0, 'HighScore': 8523, 'AvgScore': 43.69759381809358, 'MemoryUsage': 92.4, 'TimeStamp': '2023-03-28 13:44:37'}
2023-03-28 13:44:37,433 INFO Sending SSE message: data: {"ServerId": 4, "CurrentPlayers": 106, "IsRunning": true, "CpuTemperature": 24.846177893861594, "CpuSpeed": 1792.0, "HighScore": 8523, "AvgScore": 43.69759381809358, "MemoryUsage": 92.4, "TimeStamp": "2023-03-28 13:44:37"}


2023-03-28 13:44:37,433 INFO Generating ServerUpdate for server 5
2023-03-28 13:44:37,445 DEBUG Generated ServerUpdate for server 5: {'ServerId': 5, 'CurrentPlayers': 32, 'IsRunning': True, 'CpuTemperature': 39.918247141161345, 'CpuSpeed': 1494.0, 'HighScore': 9971, 'AvgScore': 56.70429335278479, 'MemoryUsage': 92.4, 'TimeStamp': '2023-03-28 13:44:37'}
2023-03-28 13:44:37,445 INFO Sending SSE message: data: {"ServerId": 5, "CurrentPlayers": 32, "IsRunning": true, "CpuTemperature": 39.918247141161345, "CpuSpeed": 1494.0, "HighScore": 9971, "AvgScore": 56.70429335278479, "MemoryUsage": 92.4, "TimeStamp": "2023-03-28 13:44:37"}


2023-03-28 13:44:37,446 INFO Generating ServerUpdate for server 6
2023-03-28 13:44:37,453 DEBUG Generated ServerUpdate for server 6: {'ServerId': 6, 'CurrentPlayers': 143, 'IsRunning': True, 'CpuTemperature': 59.829256004504614, 'CpuSpeed': 1494.0, 'HighScore': 1321, 'AvgScore': 60.25650993721633, 'MemoryUsage': 92.4, 'TimeStamp': '2023-03-28 13:44:37'}
2023-03-28 13:44:37,453 INFO Sending SSE message: data: {"ServerId": 6, "CurrentPlayers": 143, "IsRunning": true, "CpuTemperature": 59.829256004504614, "CpuSpeed": 1494.0, "HighScore": 1321, "AvgScore": 60.25650993721633, "MemoryUsage": 92.4, "TimeStamp": "2023-03-28 13:44:37"}


2023-03-28 13:44:37,453 INFO Generating ServerUpdate for server 7
2023-03-28 13:44:37,467 DEBUG Generated ServerUpdate for server 7: {'ServerId': 7, 'CurrentPlayers': 147, 'IsRunning': True, 'CpuTemperature': 45.05011430160917, 'CpuSpeed': 1494.0, 'HighScore': 8542, 'AvgScore': 11.438210907193646, 'MemoryUsage': 92.4, 'TimeStamp': '2023-03-28 13:44:37'}
2023-03-28 13:44:37,467 INFO Sending SSE message: data: {"ServerId": 7, "CurrentPlayers": 147, "IsRunning": true, "CpuTemperature": 45.05011430160917, "CpuSpeed": 1494.0, "HighScore": 8542, "AvgScore": 11.438210907193646, "MemoryUsage": 92.4, "TimeStamp": "2023-03-28 13:44:37"}


2023-03-28 13:44:37,467 INFO Generating ServerUpdate for server 8
2023-03-28 13:44:37,482 DEBUG Generated ServerUpdate for server 8: {'ServerId': 8, 'CurrentPlayers': 34, 'IsRunning': True, 'CpuTemperature': 41.07141234226445, 'CpuSpeed': 1494.0, 'HighScore': 6839, 'AvgScore': 83.05653811635779, 'MemoryUsage': 92.4, 'TimeStamp': '2023-03-28 13:44:37'}
2023-03-28 13:44:37,482 INFO Sending SSE message: data: {"ServerId": 8, "CurrentPlayers": 34, "IsRunning": true, "CpuTemperature": 41.07141234226445, "CpuSpeed": 1494.0, "HighScore": 6839, "AvgScore": 83.05653811635779, "MemoryUsage": 92.4, "TimeStamp": "2023-03-28 13:44:37"}


2023-03-28 13:44:37,482 INFO Generating ServerUpdate for server 9
2023-03-28 13:44:37,493 DEBUG Generated ServerUpdate for server 9: {'ServerId': 9, 'CurrentPlayers': 36, 'IsRunning': True, 'CpuTemperature': 53.55787484275827, 'CpuSpeed': 1494.0, 'HighScore': 716, 'AvgScore': 32.53910633462532, 'MemoryUsage': 92.4, 'TimeStamp': '2023-03-28 13:44:37'}
2023-03-28 13:44:37,493 INFO Sending SSE message: data: {"ServerId": 9, "CurrentPlayers": 36, "IsRunning": true, "CpuTemperature": 53.55787484275827, "CpuSpeed": 1494.0, "HighScore": 716, "AvgScore": 32.53910633462532, "MemoryUsage": 92.4, "TimeStamp": "2023-03-28 13:44:37"}


2023-03-28 13:44:37,494 INFO Generating ServerUpdate for server 10
2023-03-28 13:44:37,509 DEBUG Generated ServerUpdate for server 10: {'ServerId': 10, 'CurrentPlayers': 138, 'IsRunning': True, 'CpuTemperature': 41.64167548466716, 'CpuSpeed': 1494.0, 'HighScore': 6356, 'AvgScore': 59.9991447465699, 'MemoryUsage': 92.4, 'TimeStamp': '2023-03-28 13:44:37'}
2023-03-28 13:44:37,510 INFO Sending SSE message: data: {"ServerId": 10, "CurrentPlayers": 138, "IsRunning": true, "CpuTemperature": 41.64167548466716, "CpuSpeed": 1494.0, "HighScore": 6356, "AvgScore": 59.9991447465699, "MemoryUsage": 92.4, "TimeStamp": "2023-03-28 13:44:37"}


2023-03-28 13:45:27,517 INFO Generating ServerUpdate for server 1
2023-03-28 13:45:27,529 DEBUG Generated ServerUpdate for server 1: {'ServerId': 1, 'CurrentPlayers': 171, 'IsRunning': True, 'CpuTemperature': 55.72390337590911, 'CpuSpeed': 1792.0, 'HighScore': 6934, 'AvgScore': 89.72880784699117, 'MemoryUsage': 92.6, 'TimeStamp': '2023-03-28 13:45:27'}
2023-03-28 13:45:27,530 INFO Sending SSE message: data: {"ServerId": 1, "CurrentPlayers": 171, "IsRunning": true, "CpuTemperature": 55.72390337590911, "CpuSpeed": 1792.0, "HighScore": 6934, "AvgScore": 89.72880784699117, "MemoryUsage": 92.6, "TimeStamp": "2023-03-28 13:45:27"}


2023-03-28 13:45:27,530 INFO Generating ServerUpdate for server 2
2023-03-28 13:45:27,546 DEBUG Generated ServerUpdate for server 2: {'ServerId': 2, 'CurrentPlayers': 11, 'IsRunning': True, 'CpuTemperature': 51.40541100293605, 'CpuSpeed': 1792.0, 'HighScore': 5398, 'AvgScore': 63.508937182176886, 'MemoryUsage': 92.6, 'TimeStamp': '2023-03-28 13:45:27'}
2023-03-28 13:45:27,547 INFO Sending SSE message: data: {"ServerId": 2, "CurrentPlayers": 11, "IsRunning": true, "CpuTemperature": 51.40541100293605, "CpuSpeed": 1792.0, "HighScore": 5398, "AvgScore": 63.508937182176886, "MemoryUsage": 92.6, "TimeStamp": "2023-03-28 13:45:27"}


2023-03-28 13:45:27,548 INFO Generating ServerUpdate for server 3
2023-03-28 13:45:27,548 DEBUG Generated ServerUpdate for server 3: {'ServerId': 3, 'CurrentPlayers': 0, 'IsRunning': False, 'CpuTemperature': 0, 'CpuSpeed': 0, 'HighScore': 0, 'AvgScore': 0, 'MemoryUsage': 0, 'TimeStamp': '2023-03-28 13:45:27'}
2023-03-28 13:45:27,548 INFO Sending SSE message: data: {"ServerId": 3, "CurrentPlayers": 0, "IsRunning": false, "CpuTemperature": 0, "CpuSpeed": 0, "HighScore": 0, "AvgScore": 0, "MemoryUsage": 0, "TimeStamp": "2023-03-28 13:45:27"}


2023-03-28 13:45:27,549 INFO Generating ServerUpdate for server 4
2023-03-28 13:45:27,562 DEBUG Generated ServerUpdate for server 4: {'ServerId': 4, 'CurrentPlayers': 2, 'IsRunning': True, 'CpuTemperature': 67.93374225081172, 'CpuSpeed': 1792.0, 'HighScore': 324, 'AvgScore': 78.1467689129045, 'MemoryUsage': 92.6, 'TimeStamp': '2023-03-28 13:45:27'}
2023-03-28 13:45:27,563 INFO Sending SSE message: data: {"ServerId": 4, "CurrentPlayers": 2, "IsRunning": true, "CpuTemperature": 67.93374225081172, "CpuSpeed": 1792.0, "HighScore": 324, "AvgScore": 78.1467689129045, "MemoryUsage": 92.6, "TimeStamp": "2023-03-28 13:45:27"}


2023-03-28 13:45:27,564 INFO Generating ServerUpdate for server 5
2023-03-28 13:45:27,577 DEBUG Generated ServerUpdate for server 5: {'ServerId': 5, 'CurrentPlayers': 67, 'IsRunning': True, 'CpuTemperature': 43.745127966607086, 'CpuSpeed': 1494.0, 'HighScore': 2522, 'AvgScore': 0.09423071612336686, 'MemoryUsage': 92.6, 'TimeStamp': '2023-03-28 13:45:27'}
2023-03-28 13:45:27,577 INFO Sending SSE message: data: {"ServerId": 5, "CurrentPlayers": 67, "IsRunning": true, "CpuTemperature": 43.745127966607086, "CpuSpeed": 1494.0, "HighScore": 2522, "AvgScore": 0.09423071612336686, "MemoryUsage": 92.6, "TimeStamp": "2023-03-28 13:45:27"}


2023-03-28 13:45:27,578 INFO Generating ServerUpdate for server 6
2023-03-28 13:45:27,590 DEBUG Generated ServerUpdate for server 6: {'ServerId': 6, 'CurrentPlayers': 1, 'IsRunning': True, 'CpuTemperature': 58.43526969143205, 'CpuSpeed': 1494.0, 'HighScore': 3674, 'AvgScore': 21.9783249285853, 'MemoryUsage': 92.6, 'TimeStamp': '2023-03-28 13:45:27'}
2023-03-28 13:45:27,590 INFO Sending SSE message: data: {"ServerId": 6, "CurrentPlayers": 1, "IsRunning": true, "CpuTemperature": 58.43526969143205, "CpuSpeed": 1494.0, "HighScore": 3674, "AvgScore": 21.9783249285853, "MemoryUsage": 92.6, "TimeStamp": "2023-03-28 13:45:27"}


2023-03-28 13:45:27,591 INFO Generating ServerUpdate for server 7
2023-03-28 13:45:27,603 DEBUG Generated ServerUpdate for server 7: {'ServerId': 7, 'CurrentPlayers': 31, 'IsRunning': True, 'CpuTemperature': 51.550845793419825, 'CpuSpeed': 1494.0, 'HighScore': 8839, 'AvgScore': 58.197385528363576, 'MemoryUsage': 92.6, 'TimeStamp': '2023-03-28 13:45:27'}
2023-03-28 13:45:27,604 INFO Sending SSE message: data: {"ServerId": 7, "CurrentPlayers": 31, "IsRunning": true, "CpuTemperature": 51.550845793419825, "CpuSpeed": 1494.0, "HighScore": 8839, "AvgScore": 58.197385528363576, "MemoryUsage": 92.6, "TimeStamp": "2023-03-28 13:45:27"}


2023-03-28 13:45:27,604 INFO Generating ServerUpdate for server 8
2023-03-28 13:45:27,617 DEBUG Generated ServerUpdate for server 8: {'ServerId': 8, 'CurrentPlayers': 164, 'IsRunning': True, 'CpuTemperature': 52.274136028479234, 'CpuSpeed': 1494.0, 'HighScore': 1449, 'AvgScore': 92.26098107732251, 'MemoryUsage': 92.6, 'TimeStamp': '2023-03-28 13:45:27'}
2023-03-28 13:45:27,617 INFO Sending SSE message: data: {"ServerId": 8, "CurrentPlayers": 164, "IsRunning": true, "CpuTemperature": 52.274136028479234, "CpuSpeed": 1494.0, "HighScore": 1449, "AvgScore": 92.26098107732251, "MemoryUsage": 92.6, "TimeStamp": "2023-03-28 13:45:27"}


2023-03-28 13:45:27,617 INFO Generating ServerUpdate for server 9
2023-03-28 13:45:27,631 DEBUG Generated ServerUpdate for server 9: {'ServerId': 9, 'CurrentPlayers': 7, 'IsRunning': True, 'CpuTemperature': 59.07193944472503, 'CpuSpeed': 1494.0, 'HighScore': 2378, 'AvgScore': 95.82092933545931, 'MemoryUsage': 92.6, 'TimeStamp': '2023-03-28 13:45:27'}
2023-03-28 13:45:27,632 INFO Sending SSE message: data: {"ServerId": 9, "CurrentPlayers": 7, "IsRunning": true, "CpuTemperature": 59.07193944472503, "CpuSpeed": 1494.0, "HighScore": 2378, "AvgScore": 95.82092933545931, "MemoryUsage": 92.6, "TimeStamp": "2023-03-28 13:45:27"}


2023-03-28 13:45:27,632 INFO Generating ServerUpdate for server 10
2023-03-28 13:45:27,646 DEBUG Generated ServerUpdate for server 10: {'ServerId': 10, 'CurrentPlayers': 162, 'IsRunning': True, 'CpuTemperature': 51.348892981676315, 'CpuSpeed': 1494.0, 'HighScore': 652, 'AvgScore': 89.97820596967554, 'MemoryUsage': 92.6, 'TimeStamp': '2023-03-28 13:45:27'}
2023-03-28 13:45:27,647 INFO Sending SSE message: data: {"ServerId": 10, "CurrentPlayers": 162, "IsRunning": true, "CpuTemperature": 51.348892981676315, "CpuSpeed": 1494.0, "HighScore": 652, "AvgScore": 89.97820596967554, "MemoryUsage": 92.6, "TimeStamp": "2023-03-28 13:45:27"}


2023-03-28 14:03:24,158 DEBUG Using proactor: IocpProactor
2023-03-28 14:03:24,272 INFO Running on http://127.0.0.1:5000 (CTRL + C to quit)
2023-03-28 14:11:00,913 DEBUG Using proactor: IocpProactor
2023-03-28 14:11:01,149 INFO Running on http://127.0.0.1:5000 (CTRL + C to quit)
2023-03-28 14:11:28,554 INFO Emulator started
2023-03-28 14:11:28,603 INFO Emulator started
2023-03-28 14:11:28,606 INFO Generating ServerUpdate for server 1
2023-03-28 14:11:28,619 DEBUG Generated ServerUpdate for server 1: {'ServerId': 1, 'CurrentPlayers': 185, 'IsRunning': True, 'CpuTemperature': 20.296694514638386, 'CpuSpeed': 1792.0, 'HighScore': 6659, 'AvgScore': 88.57207488355283, 'MemoryUsage': 94.2, 'TimeStamp': '2023-03-28 14:11:28'}
2023-03-28 14:11:28,619 INFO Sending SSE message: data: {"ServerId": 1, "CurrentPlayers": 185, "IsRunning": true, "CpuTemperature": 20.296694514638386, "CpuSpeed": 1792.0, "HighScore": 6659, "AvgScore": 88.57207488355283, "MemoryUsage": 94.2, "TimeStamp": "2023-03-28 14:11:28"}


2023-03-28 14:11:28,622 INFO Generating ServerUpdate for server 2
2023-03-28 14:11:28,633 DEBUG Generated ServerUpdate for server 2: {'ServerId': 2, 'CurrentPlayers': 125, 'IsRunning': True, 'CpuTemperature': 30.55643164923562, 'CpuSpeed': 1792.0, 'HighScore': 9342, 'AvgScore': 37.41155134070571, 'MemoryUsage': 94.3, 'TimeStamp': '2023-03-28 14:11:28'}
2023-03-28 14:11:28,634 INFO Sending SSE message: data: {"ServerId": 2, "CurrentPlayers": 125, "IsRunning": true, "CpuTemperature": 30.55643164923562, "CpuSpeed": 1792.0, "HighScore": 9342, "AvgScore": 37.41155134070571, "MemoryUsage": 94.3, "TimeStamp": "2023-03-28 14:11:28"}


2023-03-28 14:11:28,635 INFO Generating ServerUpdate for server 3
2023-03-28 14:11:28,644 DEBUG Generated ServerUpdate for server 3: {'ServerId': 3, 'CurrentPlayers': 19, 'IsRunning': True, 'CpuTemperature': 39.050027354078374, 'CpuSpeed': 1494.0, 'HighScore': 7746, 'AvgScore': 46.01817796504953, 'MemoryUsage': 94.2, 'TimeStamp': '2023-03-28 14:11:28'}
2023-03-28 14:11:28,644 INFO Sending SSE message: data: {"ServerId": 3, "CurrentPlayers": 19, "IsRunning": true, "CpuTemperature": 39.050027354078374, "CpuSpeed": 1494.0, "HighScore": 7746, "AvgScore": 46.01817796504953, "MemoryUsage": 94.2, "TimeStamp": "2023-03-28 14:11:28"}


2023-03-28 14:11:28,645 INFO Generating ServerUpdate for server 4
2023-03-28 14:11:28,646 DEBUG Generated ServerUpdate for server 4: {'ServerId': 4, 'CurrentPlayers': 0, 'IsRunning': False, 'CpuTemperature': 0, 'CpuSpeed': 0, 'HighScore': 0, 'AvgScore': 0, 'MemoryUsage': 0, 'TimeStamp': '2023-03-28 14:11:28'}
2023-03-28 14:11:28,646 INFO Sending SSE message: data: {"ServerId": 4, "CurrentPlayers": 0, "IsRunning": false, "CpuTemperature": 0, "CpuSpeed": 0, "HighScore": 0, "AvgScore": 0, "MemoryUsage": 0, "TimeStamp": "2023-03-28 14:11:28"}


2023-03-28 14:11:28,647 INFO Generating ServerUpdate for server 5
2023-03-28 14:11:28,654 DEBUG Generated ServerUpdate for server 5: {'ServerId': 5, 'CurrentPlayers': 12, 'IsRunning': True, 'CpuTemperature': 55.074110735982295, 'CpuSpeed': 1792.0, 'HighScore': 1776, 'AvgScore': 88.46167342113884, 'MemoryUsage': 94.2, 'TimeStamp': '2023-03-28 14:11:28'}
2023-03-28 14:11:28,654 INFO Sending SSE message: data: {"ServerId": 5, "CurrentPlayers": 12, "IsRunning": true, "CpuTemperature": 55.074110735982295, "CpuSpeed": 1792.0, "HighScore": 1776, "AvgScore": 88.46167342113884, "MemoryUsage": 94.2, "TimeStamp": "2023-03-28 14:11:28"}


2023-03-28 14:11:28,655 INFO Generating ServerUpdate for server 6
2023-03-28 14:11:28,663 DEBUG Generated ServerUpdate for server 6: {'ServerId': 6, 'CurrentPlayers': 105, 'IsRunning': True, 'CpuTemperature': 23.97474245536707, 'CpuSpeed': 1792.0, 'HighScore': 4758, 'AvgScore': 46.79081917410939, 'MemoryUsage': 94.2, 'TimeStamp': '2023-03-28 14:11:28'}
2023-03-28 14:11:28,663 INFO Sending SSE message: data: {"ServerId": 6, "CurrentPlayers": 105, "IsRunning": true, "CpuTemperature": 23.97474245536707, "CpuSpeed": 1792.0, "HighScore": 4758, "AvgScore": 46.79081917410939, "MemoryUsage": 94.2, "TimeStamp": "2023-03-28 14:11:28"}


2023-03-28 14:11:28,664 INFO Generating ServerUpdate for server 7
2023-03-28 14:11:28,669 DEBUG Generated ServerUpdate for server 7: {'ServerId': 7, 'CurrentPlayers': 32, 'IsRunning': True, 'CpuTemperature': 39.96110714135688, 'CpuSpeed': 1494.0, 'HighScore': 8422, 'AvgScore': 22.86198350226264, 'MemoryUsage': 94.2, 'TimeStamp': '2023-03-28 14:11:28'}
2023-03-28 14:11:28,670 INFO Sending SSE message: data: {"ServerId": 7, "CurrentPlayers": 32, "IsRunning": true, "CpuTemperature": 39.96110714135688, "CpuSpeed": 1494.0, "HighScore": 8422, "AvgScore": 22.86198350226264, "MemoryUsage": 94.2, "TimeStamp": "2023-03-28 14:11:28"}


2023-03-28 14:11:28,671 INFO Generating ServerUpdate for server 8
2023-03-28 14:11:28,676 DEBUG Generated ServerUpdate for server 8: {'ServerId': 8, 'CurrentPlayers': 75, 'IsRunning': True, 'CpuTemperature': 30.4810035974668, 'CpuSpeed': 1494.0, 'HighScore': 8549, 'AvgScore': 40.04011538636362, 'MemoryUsage': 94.2, 'TimeStamp': '2023-03-28 14:11:28'}
2023-03-28 14:11:28,677 INFO Sending SSE message: data: {"ServerId": 8, "CurrentPlayers": 75, "IsRunning": true, "CpuTemperature": 30.4810035974668, "CpuSpeed": 1494.0, "HighScore": 8549, "AvgScore": 40.04011538636362, "MemoryUsage": 94.2, "TimeStamp": "2023-03-28 14:11:28"}


2023-03-28 14:11:28,677 INFO Generating ServerUpdate for server 9
2023-03-28 14:11:28,685 DEBUG Generated ServerUpdate for server 9: {'ServerId': 9, 'CurrentPlayers': 135, 'IsRunning': True, 'CpuTemperature': 40.21585162161489, 'CpuSpeed': 1792.0, 'HighScore': 1956, 'AvgScore': 30.79829258467338, 'MemoryUsage': 94.2, 'TimeStamp': '2023-03-28 14:11:28'}
2023-03-28 14:11:28,686 INFO Sending SSE message: data: {"ServerId": 9, "CurrentPlayers": 135, "IsRunning": true, "CpuTemperature": 40.21585162161489, "CpuSpeed": 1792.0, "HighScore": 1956, "AvgScore": 30.79829258467338, "MemoryUsage": 94.2, "TimeStamp": "2023-03-28 14:11:28"}


2023-03-28 14:11:28,687 INFO Generating ServerUpdate for server 10
2023-03-28 14:11:28,693 DEBUG Generated ServerUpdate for server 10: {'ServerId': 10, 'CurrentPlayers': 37, 'IsRunning': True, 'CpuTemperature': 68.15475824430055, 'CpuSpeed': 1494.0, 'HighScore': 6743, 'AvgScore': 95.26658720675823, 'MemoryUsage': 94.2, 'TimeStamp': '2023-03-28 14:11:28'}
2023-03-28 14:11:28,694 INFO Sending SSE message: data: {"ServerId": 10, "CurrentPlayers": 37, "IsRunning": true, "CpuTemperature": 68.15475824430055, "CpuSpeed": 1494.0, "HighScore": 6743, "AvgScore": 95.26658720675823, "MemoryUsage": 94.2, "TimeStamp": "2023-03-28 14:11:28"}


2023-03-28 14:12:18,716 INFO Generating ServerUpdate for server 1
2023-03-28 14:12:18,717 DEBUG Generated ServerUpdate for server 1: {'ServerId': 1, 'CurrentPlayers': 180, 'IsRunning': True, 'CpuTemperature': 56.411154036990304, 'CpuSpeed': 1494.0, 'HighScore': 1568, 'AvgScore': 39.288830810839634, 'MemoryUsage': 86.3, 'TimeStamp': '2023-03-28 14:12:18'}
2023-03-28 14:12:18,717 INFO Sending SSE message: data: {"ServerId": 1, "CurrentPlayers": 180, "IsRunning": true, "CpuTemperature": 56.411154036990304, "CpuSpeed": 1494.0, "HighScore": 1568, "AvgScore": 39.288830810839634, "MemoryUsage": 86.3, "TimeStamp": "2023-03-28 14:12:18"}


2023-03-28 14:12:18,717 INFO Generating ServerUpdate for server 2
2023-03-28 14:12:18,717 DEBUG Generated ServerUpdate for server 2: {'ServerId': 2, 'CurrentPlayers': 0, 'IsRunning': False, 'CpuTemperature': 0, 'CpuSpeed': 0, 'HighScore': 0, 'AvgScore': 0, 'MemoryUsage': 0, 'TimeStamp': '2023-03-28 14:12:18'}
2023-03-28 14:12:18,717 INFO Sending SSE message: data: {"ServerId": 2, "CurrentPlayers": 0, "IsRunning": false, "CpuTemperature": 0, "CpuSpeed": 0, "HighScore": 0, "AvgScore": 0, "MemoryUsage": 0, "TimeStamp": "2023-03-28 14:12:18"}


2023-03-28 14:12:18,735 INFO Generating ServerUpdate for server 3
2023-03-28 14:12:18,740 DEBUG Generated ServerUpdate for server 3: {'ServerId': 3, 'CurrentPlayers': 56, 'IsRunning': True, 'CpuTemperature': 22.84179602730017, 'CpuSpeed': 1494.0, 'HighScore': 2759, 'AvgScore': 27.730011491557406, 'MemoryUsage': 86.3, 'TimeStamp': '2023-03-28 14:12:18'}
2023-03-28 14:12:18,740 INFO Sending SSE message: data: {"ServerId": 3, "CurrentPlayers": 56, "IsRunning": true, "CpuTemperature": 22.84179602730017, "CpuSpeed": 1494.0, "HighScore": 2759, "AvgScore": 27.730011491557406, "MemoryUsage": 86.3, "TimeStamp": "2023-03-28 14:12:18"}


2023-03-28 14:12:18,740 INFO Generating ServerUpdate for server 4
2023-03-28 14:12:18,763 DEBUG Generated ServerUpdate for server 4: {'ServerId': 4, 'CurrentPlayers': 96, 'IsRunning': True, 'CpuTemperature': 24.4858140434047, 'CpuSpeed': 1494.0, 'HighScore': 5846, 'AvgScore': 7.486637685139308, 'MemoryUsage': 86.3, 'TimeStamp': '2023-03-28 14:12:18'}
2023-03-28 14:12:18,764 INFO Sending SSE message: data: {"ServerId": 4, "CurrentPlayers": 96, "IsRunning": true, "CpuTemperature": 24.4858140434047, "CpuSpeed": 1494.0, "HighScore": 5846, "AvgScore": 7.486637685139308, "MemoryUsage": 86.3, "TimeStamp": "2023-03-28 14:12:18"}


2023-03-28 14:12:18,764 INFO Generating ServerUpdate for server 5
2023-03-28 14:12:18,764 DEBUG Generated ServerUpdate for server 5: {'ServerId': 5, 'CurrentPlayers': 71, 'IsRunning': True, 'CpuTemperature': 66.91038924201729, 'CpuSpeed': 1494.0, 'HighScore': 6608, 'AvgScore': 30.04537828580708, 'MemoryUsage': 86.3, 'TimeStamp': '2023-03-28 14:12:18'}
2023-03-28 14:12:18,764 INFO Sending SSE message: data: {"ServerId": 5, "CurrentPlayers": 71, "IsRunning": true, "CpuTemperature": 66.91038924201729, "CpuSpeed": 1494.0, "HighScore": 6608, "AvgScore": 30.04537828580708, "MemoryUsage": 86.3, "TimeStamp": "2023-03-28 14:12:18"}


2023-03-28 14:12:18,764 INFO Generating ServerUpdate for server 6
2023-03-28 14:12:18,791 DEBUG Generated ServerUpdate for server 6: {'ServerId': 6, 'CurrentPlayers': 95, 'IsRunning': True, 'CpuTemperature': 41.88076423436054, 'CpuSpeed': 1494.0, 'HighScore': 9748, 'AvgScore': 48.812053440288615, 'MemoryUsage': 86.3, 'TimeStamp': '2023-03-28 14:12:18'}
2023-03-28 14:12:18,792 INFO Sending SSE message: data: {"ServerId": 6, "CurrentPlayers": 95, "IsRunning": true, "CpuTemperature": 41.88076423436054, "CpuSpeed": 1494.0, "HighScore": 9748, "AvgScore": 48.812053440288615, "MemoryUsage": 86.3, "TimeStamp": "2023-03-28 14:12:18"}


2023-03-28 14:12:18,792 INFO Generating ServerUpdate for server 7
2023-03-28 14:12:18,792 DEBUG Generated ServerUpdate for server 7: {'ServerId': 7, 'CurrentPlayers': 121, 'IsRunning': True, 'CpuTemperature': 38.38325538553854, 'CpuSpeed': 1494.0, 'HighScore': 460, 'AvgScore': 89.48836247020523, 'MemoryUsage': 86.3, 'TimeStamp': '2023-03-28 14:12:18'}
2023-03-28 14:12:18,792 INFO Sending SSE message: data: {"ServerId": 7, "CurrentPlayers": 121, "IsRunning": true, "CpuTemperature": 38.38325538553854, "CpuSpeed": 1494.0, "HighScore": 460, "AvgScore": 89.48836247020523, "MemoryUsage": 86.3, "TimeStamp": "2023-03-28 14:12:18"}


2023-03-28 14:12:18,792 INFO Generating ServerUpdate for server 8
2023-03-28 14:12:18,814 DEBUG Generated ServerUpdate for server 8: {'ServerId': 8, 'CurrentPlayers': 106, 'IsRunning': True, 'CpuTemperature': 35.54496403977954, 'CpuSpeed': 1494.0, 'HighScore': 4383, 'AvgScore': 95.69891784795249, 'MemoryUsage': 86.3, 'TimeStamp': '2023-03-28 14:12:18'}
2023-03-28 14:12:18,814 INFO Sending SSE message: data: {"ServerId": 8, "CurrentPlayers": 106, "IsRunning": true, "CpuTemperature": 35.54496403977954, "CpuSpeed": 1494.0, "HighScore": 4383, "AvgScore": 95.69891784795249, "MemoryUsage": 86.3, "TimeStamp": "2023-03-28 14:12:18"}


2023-03-28 14:12:18,814 INFO Generating ServerUpdate for server 9
2023-03-28 14:12:18,838 DEBUG Generated ServerUpdate for server 9: {'ServerId': 9, 'CurrentPlayers': 122, 'IsRunning': True, 'CpuTemperature': 28.80523048911288, 'CpuSpeed': 1494.0, 'HighScore': 4776, 'AvgScore': 17.496220160800203, 'MemoryUsage': 86.3, 'TimeStamp': '2023-03-28 14:12:18'}
2023-03-28 14:12:18,838 INFO Sending SSE message: data: {"ServerId": 9, "CurrentPlayers": 122, "IsRunning": true, "CpuTemperature": 28.80523048911288, "CpuSpeed": 1494.0, "HighScore": 4776, "AvgScore": 17.496220160800203, "MemoryUsage": 86.3, "TimeStamp": "2023-03-28 14:12:18"}


2023-03-28 14:12:18,839 INFO Generating ServerUpdate for server 10
2023-03-28 14:12:18,856 DEBUG Generated ServerUpdate for server 10: {'ServerId': 10, 'CurrentPlayers': 26, 'IsRunning': True, 'CpuTemperature': 30.458305123813446, 'CpuSpeed': 1494.0, 'HighScore': 7730, 'AvgScore': 64.99909301671623, 'MemoryUsage': 86.3, 'TimeStamp': '2023-03-28 14:12:18'}
2023-03-28 14:12:18,857 INFO Sending SSE message: data: {"ServerId": 10, "CurrentPlayers": 26, "IsRunning": true, "CpuTemperature": 30.458305123813446, "CpuSpeed": 1494.0, "HighScore": 7730, "AvgScore": 64.99909301671623, "MemoryUsage": 86.3, "TimeStamp": "2023-03-28 14:12:18"}


2023-03-28 14:16:30,889 DEBUG Using proactor: IocpProactor
2023-03-28 14:16:31,085 INFO Running on http://127.0.0.1:5000 (CTRL + C to quit)
2023-03-28 14:17:12,353 INFO Emulator started
2023-03-28 14:17:16,269 INFO Emulator started
2023-03-28 14:17:18,403 INFO Generating ServerUpdate for server 1
2023-03-28 14:17:18,422 DEBUG Generated ServerUpdate for server 1: {'ServerId': 1, 'CurrentPlayers': 87, 'IsRunning': True, 'CpuTemperature': 27.34026846369169, 'CpuSpeed': 1494.0, 'HighScore': 2407, 'AvgScore': 28.722714799290728, 'MemoryUsage': 90.7, 'TimeStamp': '2023-03-28 14:17:18'}
2023-03-28 14:17:18,422 INFO Sending SSE message: data: {"ServerId": 1, "CurrentPlayers": 87, "IsRunning": true, "CpuTemperature": 27.34026846369169, "CpuSpeed": 1494.0, "HighScore": 2407, "AvgScore": 28.722714799290728, "MemoryUsage": 90.7, "TimeStamp": "2023-03-28 14:17:18"}


2023-03-28 14:17:18,432 INFO Generating ServerUpdate for server 2
2023-03-28 14:17:18,434 DEBUG Generated ServerUpdate for server 2: {'ServerId': 2, 'CurrentPlayers': 0, 'IsRunning': False, 'CpuTemperature': 0, 'CpuSpeed': 0, 'HighScore': 0, 'AvgScore': 0, 'MemoryUsage': 0, 'TimeStamp': '2023-03-28 14:17:18'}
2023-03-28 14:17:18,437 INFO Sending SSE message: data: {"ServerId": 2, "CurrentPlayers": 0, "IsRunning": false, "CpuTemperature": 0, "CpuSpeed": 0, "HighScore": 0, "AvgScore": 0, "MemoryUsage": 0, "TimeStamp": "2023-03-28 14:17:18"}


2023-03-28 14:17:18,439 INFO Generating ServerUpdate for server 3
2023-03-28 14:17:18,441 DEBUG Generated ServerUpdate for server 3: {'ServerId': 3, 'CurrentPlayers': 0, 'IsRunning': False, 'CpuTemperature': 0, 'CpuSpeed': 0, 'HighScore': 0, 'AvgScore': 0, 'MemoryUsage': 0, 'TimeStamp': '2023-03-28 14:17:18'}
2023-03-28 14:17:18,442 INFO Sending SSE message: data: {"ServerId": 3, "CurrentPlayers": 0, "IsRunning": false, "CpuTemperature": 0, "CpuSpeed": 0, "HighScore": 0, "AvgScore": 0, "MemoryUsage": 0, "TimeStamp": "2023-03-28 14:17:18"}


2023-03-28 14:17:18,444 INFO Generating ServerUpdate for server 4
2023-03-28 14:17:18,462 DEBUG Generated ServerUpdate for server 4: {'ServerId': 4, 'CurrentPlayers': 19, 'IsRunning': True, 'CpuTemperature': 59.42662200921844, 'CpuSpeed': 1792.0, 'HighScore': 4229, 'AvgScore': 56.675961425927376, 'MemoryUsage': 90.7, 'TimeStamp': '2023-03-28 14:17:18'}
2023-03-28 14:17:18,464 INFO Sending SSE message: data: {"ServerId": 4, "CurrentPlayers": 19, "IsRunning": true, "CpuTemperature": 59.42662200921844, "CpuSpeed": 1792.0, "HighScore": 4229, "AvgScore": 56.675961425927376, "MemoryUsage": 90.7, "TimeStamp": "2023-03-28 14:17:18"}


2023-03-28 14:17:18,467 INFO Generating ServerUpdate for server 5
2023-03-28 14:17:18,484 DEBUG Generated ServerUpdate for server 5: {'ServerId': 5, 'CurrentPlayers': 103, 'IsRunning': True, 'CpuTemperature': 49.30394762783128, 'CpuSpeed': 1494.0, 'HighScore': 7414, 'AvgScore': 94.9628652462718, 'MemoryUsage': 90.7, 'TimeStamp': '2023-03-28 14:17:18'}
2023-03-28 14:17:18,485 INFO Sending SSE message: data: {"ServerId": 5, "CurrentPlayers": 103, "IsRunning": true, "CpuTemperature": 49.30394762783128, "CpuSpeed": 1494.0, "HighScore": 7414, "AvgScore": 94.9628652462718, "MemoryUsage": 90.7, "TimeStamp": "2023-03-28 14:17:18"}


2023-03-28 14:17:18,488 INFO Generating ServerUpdate for server 6
2023-03-28 14:17:18,505 DEBUG Generated ServerUpdate for server 6: {'ServerId': 6, 'CurrentPlayers': 106, 'IsRunning': True, 'CpuTemperature': 62.292800566513726, 'CpuSpeed': 1494.0, 'HighScore': 2905, 'AvgScore': 46.02652263584886, 'MemoryUsage': 90.7, 'TimeStamp': '2023-03-28 14:17:18'}
2023-03-28 14:17:18,506 INFO Sending SSE message: data: {"ServerId": 6, "CurrentPlayers": 106, "IsRunning": true, "CpuTemperature": 62.292800566513726, "CpuSpeed": 1494.0, "HighScore": 2905, "AvgScore": 46.02652263584886, "MemoryUsage": 90.7, "TimeStamp": "2023-03-28 14:17:18"}


2023-03-28 14:17:18,507 INFO Generating ServerUpdate for server 7
2023-03-28 14:17:18,508 DEBUG Generated ServerUpdate for server 7: {'ServerId': 7, 'CurrentPlayers': 0, 'IsRunning': False, 'CpuTemperature': 0, 'CpuSpeed': 0, 'HighScore': 0, 'AvgScore': 0, 'MemoryUsage': 0, 'TimeStamp': '2023-03-28 14:17:18'}
2023-03-28 14:17:18,509 INFO Sending SSE message: data: {"ServerId": 7, "CurrentPlayers": 0, "IsRunning": false, "CpuTemperature": 0, "CpuSpeed": 0, "HighScore": 0, "AvgScore": 0, "MemoryUsage": 0, "TimeStamp": "2023-03-28 14:17:18"}


2023-03-28 14:17:18,510 INFO Generating ServerUpdate for server 8
2023-03-28 14:17:18,524 DEBUG Generated ServerUpdate for server 8: {'ServerId': 8, 'CurrentPlayers': 172, 'IsRunning': True, 'CpuTemperature': 34.16750878551036, 'CpuSpeed': 1792.0, 'HighScore': 2823, 'AvgScore': 0.9150642379523677, 'MemoryUsage': 90.7, 'TimeStamp': '2023-03-28 14:17:18'}
2023-03-28 14:17:18,524 INFO Sending SSE message: data: {"ServerId": 8, "CurrentPlayers": 172, "IsRunning": true, "CpuTemperature": 34.16750878551036, "CpuSpeed": 1792.0, "HighScore": 2823, "AvgScore": 0.9150642379523677, "MemoryUsage": 90.7, "TimeStamp": "2023-03-28 14:17:18"}


2023-03-28 14:17:18,526 INFO Generating ServerUpdate for server 9
2023-03-28 14:17:18,538 DEBUG Generated ServerUpdate for server 9: {'ServerId': 9, 'CurrentPlayers': 99, 'IsRunning': True, 'CpuTemperature': 47.14455385744189, 'CpuSpeed': 1494.0, 'HighScore': 7219, 'AvgScore': 9.398550269701422, 'MemoryUsage': 90.7, 'TimeStamp': '2023-03-28 14:17:18'}
2023-03-28 14:17:18,538 INFO Sending SSE message: data: {"ServerId": 9, "CurrentPlayers": 99, "IsRunning": true, "CpuTemperature": 47.14455385744189, "CpuSpeed": 1494.0, "HighScore": 7219, "AvgScore": 9.398550269701422, "MemoryUsage": 90.7, "TimeStamp": "2023-03-28 14:17:18"}


2023-03-28 14:17:18,539 INFO Generating ServerUpdate for server 10
2023-03-28 14:17:18,550 DEBUG Generated ServerUpdate for server 10: {'ServerId': 10, 'CurrentPlayers': 8, 'IsRunning': True, 'CpuTemperature': 44.144789757791905, 'CpuSpeed': 1494.0, 'HighScore': 3787, 'AvgScore': 0.408462962561873, 'MemoryUsage': 90.7, 'TimeStamp': '2023-03-28 14:17:18'}
2023-03-28 14:17:18,551 INFO Sending SSE message: data: {"ServerId": 10, "CurrentPlayers": 8, "IsRunning": true, "CpuTemperature": 44.144789757791905, "CpuSpeed": 1494.0, "HighScore": 3787, "AvgScore": 0.408462962561873, "MemoryUsage": 90.7, "TimeStamp": "2023-03-28 14:17:18"}


2023-03-28 14:18:13,465 INFO Generating ServerUpdate for server 1
2023-03-28 14:18:13,482 DEBUG Generated ServerUpdate for server 1: {'ServerId': 1, 'CurrentPlayers': 111, 'IsRunning': True, 'CpuTemperature': 67.71701881627955, 'CpuSpeed': 1494.0, 'HighScore': 3741, 'AvgScore': 89.9805998022227, 'MemoryUsage': 89.2, 'TimeStamp': '2023-03-28 14:18:13'}
2023-03-28 14:18:13,483 INFO Sending SSE message: data: {"ServerId": 1, "CurrentPlayers": 111, "IsRunning": true, "CpuTemperature": 67.71701881627955, "CpuSpeed": 1494.0, "HighScore": 3741, "AvgScore": 89.9805998022227, "MemoryUsage": 89.2, "TimeStamp": "2023-03-28 14:18:13"}


2023-03-28 14:18:13,487 INFO Generating ServerUpdate for server 2
2023-03-28 14:18:13,505 DEBUG Generated ServerUpdate for server 2: {'ServerId': 2, 'CurrentPlayers': 81, 'IsRunning': True, 'CpuTemperature': 41.6419909880087, 'CpuSpeed': 1494.0, 'HighScore': 1226, 'AvgScore': 40.25424236598612, 'MemoryUsage': 89.2, 'TimeStamp': '2023-03-28 14:18:13'}
2023-03-28 14:18:13,507 INFO Sending SSE message: data: {"ServerId": 2, "CurrentPlayers": 81, "IsRunning": true, "CpuTemperature": 41.6419909880087, "CpuSpeed": 1494.0, "HighScore": 1226, "AvgScore": 40.25424236598612, "MemoryUsage": 89.2, "TimeStamp": "2023-03-28 14:18:13"}


2023-03-28 14:18:13,507 INFO Generating ServerUpdate for server 3
2023-03-28 14:18:13,509 DEBUG Generated ServerUpdate for server 3: {'ServerId': 3, 'CurrentPlayers': 0, 'IsRunning': False, 'CpuTemperature': 0, 'CpuSpeed': 0, 'HighScore': 0, 'AvgScore': 0, 'MemoryUsage': 0, 'TimeStamp': '2023-03-28 14:18:13'}
2023-03-28 14:18:13,511 INFO Sending SSE message: data: {"ServerId": 3, "CurrentPlayers": 0, "IsRunning": false, "CpuTemperature": 0, "CpuSpeed": 0, "HighScore": 0, "AvgScore": 0, "MemoryUsage": 0, "TimeStamp": "2023-03-28 14:18:13"}


2023-03-28 14:18:13,512 INFO Generating ServerUpdate for server 4
2023-03-28 14:18:13,539 DEBUG Generated ServerUpdate for server 4: {'ServerId': 4, 'CurrentPlayers': 11, 'IsRunning': True, 'CpuTemperature': 34.20188508257016, 'CpuSpeed': 1494.0, 'HighScore': 6047, 'AvgScore': 44.18316814544385, 'MemoryUsage': 89.2, 'TimeStamp': '2023-03-28 14:18:13'}
2023-03-28 14:18:13,540 INFO Sending SSE message: data: {"ServerId": 4, "CurrentPlayers": 11, "IsRunning": true, "CpuTemperature": 34.20188508257016, "CpuSpeed": 1494.0, "HighScore": 6047, "AvgScore": 44.18316814544385, "MemoryUsage": 89.2, "TimeStamp": "2023-03-28 14:18:13"}


2023-03-28 14:18:13,542 INFO Generating ServerUpdate for server 5
2023-03-28 14:18:13,556 DEBUG Generated ServerUpdate for server 5: {'ServerId': 5, 'CurrentPlayers': 23, 'IsRunning': True, 'CpuTemperature': 56.1999958278946, 'CpuSpeed': 1494.0, 'HighScore': 5251, 'AvgScore': 33.20861569780952, 'MemoryUsage': 89.2, 'TimeStamp': '2023-03-28 14:18:13'}
2023-03-28 14:18:13,557 INFO Sending SSE message: data: {"ServerId": 5, "CurrentPlayers": 23, "IsRunning": true, "CpuTemperature": 56.1999958278946, "CpuSpeed": 1494.0, "HighScore": 5251, "AvgScore": 33.20861569780952, "MemoryUsage": 89.2, "TimeStamp": "2023-03-28 14:18:13"}


2023-03-28 14:18:13,558 INFO Generating ServerUpdate for server 6
2023-03-28 14:18:13,559 DEBUG Generated ServerUpdate for server 6: {'ServerId': 6, 'CurrentPlayers': 0, 'IsRunning': False, 'CpuTemperature': 0, 'CpuSpeed': 0, 'HighScore': 0, 'AvgScore': 0, 'MemoryUsage': 0, 'TimeStamp': '2023-03-28 14:18:13'}
2023-03-28 14:18:13,560 INFO Sending SSE message: data: {"ServerId": 6, "CurrentPlayers": 0, "IsRunning": false, "CpuTemperature": 0, "CpuSpeed": 0, "HighScore": 0, "AvgScore": 0, "MemoryUsage": 0, "TimeStamp": "2023-03-28 14:18:13"}


2023-03-28 14:18:13,561 INFO Generating ServerUpdate for server 7
2023-03-28 14:18:13,579 DEBUG Generated ServerUpdate for server 7: {'ServerId': 7, 'CurrentPlayers': 22, 'IsRunning': True, 'CpuTemperature': 60.66319088638045, 'CpuSpeed': 1792.0, 'HighScore': 3833, 'AvgScore': 48.358734990846784, 'MemoryUsage': 89.2, 'TimeStamp': '2023-03-28 14:18:13'}
2023-03-28 14:18:13,581 INFO Sending SSE message: data: {"ServerId": 7, "CurrentPlayers": 22, "IsRunning": true, "CpuTemperature": 60.66319088638045, "CpuSpeed": 1792.0, "HighScore": 3833, "AvgScore": 48.358734990846784, "MemoryUsage": 89.2, "TimeStamp": "2023-03-28 14:18:13"}


2023-03-28 14:18:13,583 INFO Generating ServerUpdate for server 8
2023-03-28 14:18:13,604 DEBUG Generated ServerUpdate for server 8: {'ServerId': 8, 'CurrentPlayers': 128, 'IsRunning': True, 'CpuTemperature': 20.066996029554677, 'CpuSpeed': 1792.0, 'HighScore': 1642, 'AvgScore': 29.94298769976702, 'MemoryUsage': 89.2, 'TimeStamp': '2023-03-28 14:18:13'}
2023-03-28 14:18:13,606 INFO Sending SSE message: data: {"ServerId": 8, "CurrentPlayers": 128, "IsRunning": true, "CpuTemperature": 20.066996029554677, "CpuSpeed": 1792.0, "HighScore": 1642, "AvgScore": 29.94298769976702, "MemoryUsage": 89.2, "TimeStamp": "2023-03-28 14:18:13"}


2023-03-28 14:18:13,608 INFO Generating ServerUpdate for server 9
2023-03-28 14:18:13,626 DEBUG Generated ServerUpdate for server 9: {'ServerId': 9, 'CurrentPlayers': 75, 'IsRunning': True, 'CpuTemperature': 36.457842317713755, 'CpuSpeed': 1494.0, 'HighScore': 901, 'AvgScore': 57.1413331137621, 'MemoryUsage': 89.2, 'TimeStamp': '2023-03-28 14:18:13'}
2023-03-28 14:18:13,627 INFO Sending SSE message: data: {"ServerId": 9, "CurrentPlayers": 75, "IsRunning": true, "CpuTemperature": 36.457842317713755, "CpuSpeed": 1494.0, "HighScore": 901, "AvgScore": 57.1413331137621, "MemoryUsage": 89.2, "TimeStamp": "2023-03-28 14:18:13"}


2023-03-28 14:18:13,629 INFO Generating ServerUpdate for server 10
2023-03-28 14:18:13,640 DEBUG Generated ServerUpdate for server 10: {'ServerId': 10, 'CurrentPlayers': 121, 'IsRunning': True, 'CpuTemperature': 62.74344202419092, 'CpuSpeed': 1494.0, 'HighScore': 5564, 'AvgScore': 13.856273148793052, 'MemoryUsage': 89.2, 'TimeStamp': '2023-03-28 14:18:13'}
2023-03-28 14:18:13,641 INFO Sending SSE message: data: {"ServerId": 10, "CurrentPlayers": 121, "IsRunning": true, "CpuTemperature": 62.74344202419092, "CpuSpeed": 1494.0, "HighScore": 5564, "AvgScore": 13.856273148793052, "MemoryUsage": 89.2, "TimeStamp": "2023-03-28 14:18:13"}


2023-03-28 14:36:54,047 DEBUG Using proactor: IocpProactor
2023-03-28 14:36:54,183 INFO Running on http://127.0.0.1:5000 (CTRL + C to quit)
2023-03-28 14:37:53,170 INFO Emulator started
2023-03-28 14:37:53,217 INFO Emulator started
2023-03-28 14:37:53,219 INFO Generating ServerUpdate for server 1
2023-03-28 14:37:53,227 DEBUG Generated ServerUpdate for server 1: {'ServerId': 1, 'CurrentPlayers': 78, 'IsRunning': True, 'CpuTemperature': 32.09097462758537, 'CpuSpeed': 1792.0, 'HighScore': 796, 'AvgScore': 0.14440093326631986, 'MemoryUsage': 93.3, 'TimeStamp': '2023-03-28 14:37:53'}
2023-03-28 14:37:53,228 INFO Sending SSE message: data: {"ServerId": 1, "CurrentPlayers": 78, "IsRunning": true, "CpuTemperature": 32.09097462758537, "CpuSpeed": 1792.0, "HighScore": 796, "AvgScore": 0.14440093326631986, "MemoryUsage": 93.3, "TimeStamp": "2023-03-28 14:37:53"}


2023-03-28 14:37:53,231 INFO Generating ServerUpdate for server 2
2023-03-28 14:37:53,240 DEBUG Generated ServerUpdate for server 2: {'ServerId': 2, 'CurrentPlayers': 163, 'IsRunning': True, 'CpuTemperature': 41.798113159203524, 'CpuSpeed': 1792.0, 'HighScore': 5056, 'AvgScore': 78.74336106071542, 'MemoryUsage': 93.4, 'TimeStamp': '2023-03-28 14:37:53'}
2023-03-28 14:37:53,241 INFO Sending SSE message: data: {"ServerId": 2, "CurrentPlayers": 163, "IsRunning": true, "CpuTemperature": 41.798113159203524, "CpuSpeed": 1792.0, "HighScore": 5056, "AvgScore": 78.74336106071542, "MemoryUsage": 93.4, "TimeStamp": "2023-03-28 14:37:53"}


2023-03-28 14:37:53,242 INFO Generating ServerUpdate for server 3
2023-03-28 14:37:53,250 DEBUG Generated ServerUpdate for server 3: {'ServerId': 3, 'CurrentPlayers': 168, 'IsRunning': True, 'CpuTemperature': 36.20527241459882, 'CpuSpeed': 1494.0, 'HighScore': 7317, 'AvgScore': 87.5476318192743, 'MemoryUsage': 93.4, 'TimeStamp': '2023-03-28 14:37:53'}
2023-03-28 14:37:53,250 INFO Sending SSE message: data: {"ServerId": 3, "CurrentPlayers": 168, "IsRunning": true, "CpuTemperature": 36.20527241459882, "CpuSpeed": 1494.0, "HighScore": 7317, "AvgScore": 87.5476318192743, "MemoryUsage": 93.4, "TimeStamp": "2023-03-28 14:37:53"}


2023-03-28 14:37:53,251 INFO Generating ServerUpdate for server 4
2023-03-28 14:37:53,261 DEBUG Generated ServerUpdate for server 4: {'ServerId': 4, 'CurrentPlayers': 18, 'IsRunning': True, 'CpuTemperature': 66.7624633816913, 'CpuSpeed': 1792.0, 'HighScore': 4358, 'AvgScore': 18.26529730934694, 'MemoryUsage': 93.1, 'TimeStamp': '2023-03-28 14:37:53'}
2023-03-28 14:37:53,262 INFO Sending SSE message: data: {"ServerId": 4, "CurrentPlayers": 18, "IsRunning": true, "CpuTemperature": 66.7624633816913, "CpuSpeed": 1792.0, "HighScore": 4358, "AvgScore": 18.26529730934694, "MemoryUsage": 93.1, "TimeStamp": "2023-03-28 14:37:53"}


2023-03-28 14:37:53,263 INFO Generating ServerUpdate for server 5
2023-03-28 14:37:53,271 DEBUG Generated ServerUpdate for server 5: {'ServerId': 5, 'CurrentPlayers': 31, 'IsRunning': True, 'CpuTemperature': 37.25575117974606, 'CpuSpeed': 1494.0, 'HighScore': 3268, 'AvgScore': 12.246167805587739, 'MemoryUsage': 93.1, 'TimeStamp': '2023-03-28 14:37:53'}
2023-03-28 14:37:53,272 INFO Sending SSE message: data: {"ServerId": 5, "CurrentPlayers": 31, "IsRunning": true, "CpuTemperature": 37.25575117974606, "CpuSpeed": 1494.0, "HighScore": 3268, "AvgScore": 12.246167805587739, "MemoryUsage": 93.1, "TimeStamp": "2023-03-28 14:37:53"}


2023-03-28 14:37:53,272 INFO Generating ServerUpdate for server 6
2023-03-28 14:37:53,273 DEBUG Generated ServerUpdate for server 6: {'ServerId': 6, 'CurrentPlayers': 0, 'IsRunning': False, 'CpuTemperature': 0, 'CpuSpeed': 0, 'HighScore': 0, 'AvgScore': 0, 'MemoryUsage': 0, 'TimeStamp': '2023-03-28 14:37:53'}
2023-03-28 14:37:53,274 INFO Sending SSE message: data: {"ServerId": 6, "CurrentPlayers": 0, "IsRunning": false, "CpuTemperature": 0, "CpuSpeed": 0, "HighScore": 0, "AvgScore": 0, "MemoryUsage": 0, "TimeStamp": "2023-03-28 14:37:53"}


2023-03-28 14:37:53,274 INFO Generating ServerUpdate for server 7
2023-03-28 14:37:53,281 DEBUG Generated ServerUpdate for server 7: {'ServerId': 7, 'CurrentPlayers': 22, 'IsRunning': True, 'CpuTemperature': 68.1174357528158, 'CpuSpeed': 1494.0, 'HighScore': 5691, 'AvgScore': 87.25552892353551, 'MemoryUsage': 93.2, 'TimeStamp': '2023-03-28 14:37:53'}
2023-03-28 14:37:53,282 INFO Sending SSE message: data: {"ServerId": 7, "CurrentPlayers": 22, "IsRunning": true, "CpuTemperature": 68.1174357528158, "CpuSpeed": 1494.0, "HighScore": 5691, "AvgScore": 87.25552892353551, "MemoryUsage": 93.2, "TimeStamp": "2023-03-28 14:37:53"}


2023-03-28 14:37:53,282 INFO Generating ServerUpdate for server 8
2023-03-28 14:37:53,283 DEBUG Generated ServerUpdate for server 8: {'ServerId': 8, 'CurrentPlayers': 0, 'IsRunning': False, 'CpuTemperature': 0, 'CpuSpeed': 0, 'HighScore': 0, 'AvgScore': 0, 'MemoryUsage': 0, 'TimeStamp': '2023-03-28 14:37:53'}
2023-03-28 14:37:53,283 INFO Sending SSE message: data: {"ServerId": 8, "CurrentPlayers": 0, "IsRunning": false, "CpuTemperature": 0, "CpuSpeed": 0, "HighScore": 0, "AvgScore": 0, "MemoryUsage": 0, "TimeStamp": "2023-03-28 14:37:53"}


2023-03-28 14:37:53,283 INFO Generating ServerUpdate for server 9
2023-03-28 14:37:53,292 DEBUG Generated ServerUpdate for server 9: {'ServerId': 9, 'CurrentPlayers': 43, 'IsRunning': True, 'CpuTemperature': 41.623366535422946, 'CpuSpeed': 1494.0, 'HighScore': 7268, 'AvgScore': 42.43069754024017, 'MemoryUsage': 93.2, 'TimeStamp': '2023-03-28 14:37:53'}
2023-03-28 14:37:53,292 INFO Sending SSE message: data: {"ServerId": 9, "CurrentPlayers": 43, "IsRunning": true, "CpuTemperature": 41.623366535422946, "CpuSpeed": 1494.0, "HighScore": 7268, "AvgScore": 42.43069754024017, "MemoryUsage": 93.2, "TimeStamp": "2023-03-28 14:37:53"}


2023-03-28 14:37:53,293 INFO Generating ServerUpdate for server 10
2023-03-28 14:37:53,294 DEBUG Generated ServerUpdate for server 10: {'ServerId': 10, 'CurrentPlayers': 0, 'IsRunning': False, 'CpuTemperature': 0, 'CpuSpeed': 0, 'HighScore': 0, 'AvgScore': 0, 'MemoryUsage': 0, 'TimeStamp': '2023-03-28 14:37:53'}
2023-03-28 14:37:53,294 INFO Sending SSE message: data: {"ServerId": 10, "CurrentPlayers": 0, "IsRunning": false, "CpuTemperature": 0, "CpuSpeed": 0, "HighScore": 0, "AvgScore": 0, "MemoryUsage": 0, "TimeStamp": "2023-03-28 14:37:53"}


2023-03-28 14:38:43,304 INFO Generating ServerUpdate for server 1
2023-03-28 14:38:43,334 DEBUG Generated ServerUpdate for server 1: {'ServerId': 1, 'CurrentPlayers': 133, 'IsRunning': True, 'CpuTemperature': 37.24196838262998, 'CpuSpeed': 1792.0, 'HighScore': 6351, 'AvgScore': 78.94162703498218, 'MemoryUsage': 92.6, 'TimeStamp': '2023-03-28 14:38:43'}
2023-03-28 14:38:43,336 INFO Sending SSE message: data: {"ServerId": 1, "CurrentPlayers": 133, "IsRunning": true, "CpuTemperature": 37.24196838262998, "CpuSpeed": 1792.0, "HighScore": 6351, "AvgScore": 78.94162703498218, "MemoryUsage": 92.6, "TimeStamp": "2023-03-28 14:38:43"}


2023-03-28 14:38:43,338 INFO Generating ServerUpdate for server 2
2023-03-28 14:38:43,355 DEBUG Generated ServerUpdate for server 2: {'ServerId': 2, 'CurrentPlayers': 49, 'IsRunning': True, 'CpuTemperature': 64.83984423987275, 'CpuSpeed': 1792.0, 'HighScore': 4376, 'AvgScore': 50.53410083188411, 'MemoryUsage': 92.6, 'TimeStamp': '2023-03-28 14:38:43'}
2023-03-28 14:38:43,356 INFO Sending SSE message: data: {"ServerId": 2, "CurrentPlayers": 49, "IsRunning": true, "CpuTemperature": 64.83984423987275, "CpuSpeed": 1792.0, "HighScore": 4376, "AvgScore": 50.53410083188411, "MemoryUsage": 92.6, "TimeStamp": "2023-03-28 14:38:43"}


2023-03-28 14:38:43,357 INFO Generating ServerUpdate for server 3
2023-03-28 14:38:43,373 DEBUG Generated ServerUpdate for server 3: {'ServerId': 3, 'CurrentPlayers': 47, 'IsRunning': True, 'CpuTemperature': 49.42611312454791, 'CpuSpeed': 1494.0, 'HighScore': 8650, 'AvgScore': 20.415395393935498, 'MemoryUsage': 92.6, 'TimeStamp': '2023-03-28 14:38:43'}
2023-03-28 14:38:43,374 INFO Sending SSE message: data: {"ServerId": 3, "CurrentPlayers": 47, "IsRunning": true, "CpuTemperature": 49.42611312454791, "CpuSpeed": 1494.0, "HighScore": 8650, "AvgScore": 20.415395393935498, "MemoryUsage": 92.6, "TimeStamp": "2023-03-28 14:38:43"}


2023-03-28 14:38:43,375 INFO Generating ServerUpdate for server 4
2023-03-28 14:38:43,389 DEBUG Generated ServerUpdate for server 4: {'ServerId': 4, 'CurrentPlayers': 132, 'IsRunning': True, 'CpuTemperature': 34.64854320693807, 'CpuSpeed': 1494.0, 'HighScore': 64, 'AvgScore': 13.645537125414142, 'MemoryUsage': 92.6, 'TimeStamp': '2023-03-28 14:38:43'}
2023-03-28 14:38:43,390 INFO Sending SSE message: data: {"ServerId": 4, "CurrentPlayers": 132, "IsRunning": true, "CpuTemperature": 34.64854320693807, "CpuSpeed": 1494.0, "HighScore": 64, "AvgScore": 13.645537125414142, "MemoryUsage": 92.6, "TimeStamp": "2023-03-28 14:38:43"}


2023-03-28 14:38:43,393 INFO Generating ServerUpdate for server 5
2023-03-28 14:38:43,412 DEBUG Generated ServerUpdate for server 5: {'ServerId': 5, 'CurrentPlayers': 50, 'IsRunning': True, 'CpuTemperature': 29.665198046491113, 'CpuSpeed': 1792.0, 'HighScore': 8418, 'AvgScore': 4.263248709846867, 'MemoryUsage': 92.6, 'TimeStamp': '2023-03-28 14:38:43'}
2023-03-28 14:38:43,413 INFO Sending SSE message: data: {"ServerId": 5, "CurrentPlayers": 50, "IsRunning": true, "CpuTemperature": 29.665198046491113, "CpuSpeed": 1792.0, "HighScore": 8418, "AvgScore": 4.263248709846867, "MemoryUsage": 92.6, "TimeStamp": "2023-03-28 14:38:43"}


2023-03-28 14:38:43,416 INFO Generating ServerUpdate for server 6
2023-03-28 14:38:43,430 DEBUG Generated ServerUpdate for server 6: {'ServerId': 6, 'CurrentPlayers': 70, 'IsRunning': True, 'CpuTemperature': 67.73540139312016, 'CpuSpeed': 1792.0, 'HighScore': 8235, 'AvgScore': 99.34005200451277, 'MemoryUsage': 92.6, 'TimeStamp': '2023-03-28 14:38:43'}
2023-03-28 14:38:43,430 INFO Sending SSE message: data: {"ServerId": 6, "CurrentPlayers": 70, "IsRunning": true, "CpuTemperature": 67.73540139312016, "CpuSpeed": 1792.0, "HighScore": 8235, "AvgScore": 99.34005200451277, "MemoryUsage": 92.6, "TimeStamp": "2023-03-28 14:38:43"}


2023-03-28 14:38:43,431 INFO Generating ServerUpdate for server 7
2023-03-28 14:38:43,441 DEBUG Generated ServerUpdate for server 7: {'ServerId': 7, 'CurrentPlayers': 21, 'IsRunning': True, 'CpuTemperature': 48.705128599633845, 'CpuSpeed': 1494.0, 'HighScore': 4524, 'AvgScore': 74.06172652870418, 'MemoryUsage': 92.6, 'TimeStamp': '2023-03-28 14:38:43'}
2023-03-28 14:38:43,441 INFO Sending SSE message: data: {"ServerId": 7, "CurrentPlayers": 21, "IsRunning": true, "CpuTemperature": 48.705128599633845, "CpuSpeed": 1494.0, "HighScore": 4524, "AvgScore": 74.06172652870418, "MemoryUsage": 92.6, "TimeStamp": "2023-03-28 14:38:43"}


2023-03-28 14:38:43,441 INFO Generating ServerUpdate for server 8
2023-03-28 14:38:43,458 DEBUG Generated ServerUpdate for server 8: {'ServerId': 8, 'CurrentPlayers': 101, 'IsRunning': True, 'CpuTemperature': 54.47232517569645, 'CpuSpeed': 1494.0, 'HighScore': 8301, 'AvgScore': 56.69361723814742, 'MemoryUsage': 92.6, 'TimeStamp': '2023-03-28 14:38:43'}
2023-03-28 14:38:43,459 INFO Sending SSE message: data: {"ServerId": 8, "CurrentPlayers": 101, "IsRunning": true, "CpuTemperature": 54.47232517569645, "CpuSpeed": 1494.0, "HighScore": 8301, "AvgScore": 56.69361723814742, "MemoryUsage": 92.6, "TimeStamp": "2023-03-28 14:38:43"}


2023-03-28 14:38:43,461 INFO Generating ServerUpdate for server 9
2023-03-28 14:38:43,462 DEBUG Generated ServerUpdate for server 9: {'ServerId': 9, 'CurrentPlayers': 101, 'IsRunning': True, 'CpuTemperature': 66.90801780157588, 'CpuSpeed': 1494.0, 'HighScore': 5816, 'AvgScore': 45.34305399300814, 'MemoryUsage': 92.6, 'TimeStamp': '2023-03-28 14:38:43'}
2023-03-28 14:38:43,462 INFO Sending SSE message: data: {"ServerId": 9, "CurrentPlayers": 101, "IsRunning": true, "CpuTemperature": 66.90801780157588, "CpuSpeed": 1494.0, "HighScore": 5816, "AvgScore": 45.34305399300814, "MemoryUsage": 92.6, "TimeStamp": "2023-03-28 14:38:43"}


2023-03-28 14:38:43,462 INFO Generating ServerUpdate for server 10
2023-03-28 14:38:43,480 DEBUG Generated ServerUpdate for server 10: {'ServerId': 10, 'CurrentPlayers': 131, 'IsRunning': True, 'CpuTemperature': 58.51386054404174, 'CpuSpeed': 1494.0, 'HighScore': 4328, 'AvgScore': 3.654615101240255, 'MemoryUsage': 92.6, 'TimeStamp': '2023-03-28 14:38:43'}
2023-03-28 14:38:43,480 INFO Sending SSE message: data: {"ServerId": 10, "CurrentPlayers": 131, "IsRunning": true, "CpuTemperature": 58.51386054404174, "CpuSpeed": 1494.0, "HighScore": 4328, "AvgScore": 3.654615101240255, "MemoryUsage": 92.6, "TimeStamp": "2023-03-28 14:38:43"}


